Vtiger_Net_Client Object
(
    [client] => HTTP_Request Object
        (
            [_url] => Net_URL Object
                (
                    [options] => Array
                        (
                            [encode_query_keys] => 
                        )

                    [url] => https://api.twilio.com/2010-04-01/Accounts/AC8e29b6f10e157db5673e9670f5de40d9/SMS/Messages
                    [protocol] => https
                    [username] => 
                    [password] => 
                    [host] => api.twilio.com
                    [port] => 443
                    [path] => /2010-04-01/Accounts/AC8e29b6f10e157db5673e9670f5de40d9/SMS/Messages
                    [querystring] => Array
                        (
                        )

                    [anchor] => 
                    [useBrackets] => 1
                    [user] => 
                    [pass] => 
                )

            [_method] => POST
            [_http] => 1.1
            [_requestHeaders] => Array
                (
                    [user-agent] => Mozilla/5.0 (Windows NT 10.0; Win64; x64) AppleWebKit/537.36 (KHTML, like Gecko) Chrome/87.0.4280.88 Safari/537.36
                    [connection] => close
                    [accept-encoding] => gzip
                    [referer] => http://localhost/vtigercrm/index.php?module=Contacts&parent=&page=1&view=List&viewname=7&orderby=&sortorder=&app=MARKETING&search_params=%5B%5D&tag_params=%5B%5D&nolistcache=0&list_headers=%5B%22firstname%22%2C%22lastname%22%2C%22title%22%2C%22account_id%22%2C%22email%22%2C%22phone%22%2C%22assigned_user_id%22%5D&tag=
                    [authorization] => Basic QUM4ZTI5YjZmMTBlMTU3ZGI1NjczZTk2NzBmNWRlNDBkOTo0ZjkyNjU4MzljNWRmOWEyMDAzYzg0NzU0N2IwN2ExNg==
                    [host] => api.twilio.com
                    [content-type] => application/x-www-form-urlencoded
                )

            [_user] => 
            [_pass] => 
            [_sock] => Net_Socket Object
                (
                    [fp] => 
                    [blocking] => 1
                    [persistent] => 
                    [addr] => ssl://api.twilio.com
                    [port] => 443
                    [timeout] => 
                    [lineLength] => 2048
                    [_debug] => 
                    [_default_error_mode] => 
                    [_default_error_options] => 
                    [_default_error_handler] => 
                    [_error_class] => PEAR_Error
                    [_expected_errors] => Array
                        (
                        )

                )

            [_proxy_host] => 
            [_proxy_port] => 
            [_proxy_user] => 
            [_proxy_pass] => 
            [_postData] => Array
                (
                    [From] => %2B12029182996
                    [To] => %2B918610303202
                    [Body] => hi+mmm
                )

            [_body] => 
            [_bodyDisallowed] => Array
                (
                    [0] => TRACE
                )

            [_bodyRequired] => Array
                (
                    [0] => POST
                    [1] => PUT
                )

            [_postFiles] => Array
                (
                )

            [_timeout] => 
            [_response] => HTTP_Response Object
                (
                    [_sock] => Net_Socket Object
                        (
                            [fp] => 
                            [blocking] => 1
                            [persistent] => 
                            [addr] => ssl://api.twilio.com
                            [port] => 443
                            [timeout] => 
                            [lineLength] => 2048
                            [_debug] => 
                            [_default_error_mode] => 
                            [_default_error_options] => 
                            [_default_error_handler] => 
                            [_error_class] => PEAR_Error
                            [_expected_errors] => Array
                                (
                                )

                        )

                    [_protocol] => HTTP/1.1
                    [_code] => 201
                    [_reason] => CREATED
                    [_headers] => Array
                        (
                            [date] => Thu, 31 Dec 2020 12:27:34 GMT
                            [content-type] => application/xml
                            [content-length] => 701
                            [connection] => close
                            [last-modified] => Thu, 31 Dec 2020 12:27:34 +0000
                            [twilio-concurrent-requests] => 1
                            [i-twilio-customer-user-agent] => None
                            [etag] => 482295ab0a69d2b10b5c03461ec5e61f
                            [twilio-request-id] => RQd6c32a72c1754d2f87dc0f4649c67871
                            [twilio-request-duration] => 0.136
                            [access-control-allow-origin] => *
                            [access-control-allow-headers] => Accept, Authorization, Content-Type, If-Match, If-Modified-Since, If-None-Match, If-Unmodified-Since
                            [access-control-allow-methods] => GET, POST, DELETE, OPTIONS
                            [access-control-expose-headers] => ETag
                            [access-control-allow-credentials] => true
                            [x-powered-by] => AT-5000
                            [x-shenanigans] => none
                            [x-home-region] => us1
                            [x-api-domain] => api.twilio.com
                            [strict-transport-security] => max-age=31536000
                        )

                    [_cookies] => 
                    [_body] => <?xml version='1.0' encoding='UTF-8'?>
<TwilioResponse><SMSMessage><Sid>SM861aaea3587145c0b72724a3ab43ddf7</Sid><DateCreated>Thu, 31 Dec 2020 12:27:34 +0000</DateCreated><DateUpdated>Thu, 31 Dec 2020 12:27:34 +0000</DateUpdated><DateSent/><AccountSid>AC8e29b6f10e157db5673e9670f5de40d9</AccountSid><To>+918610303202</To><From>+12029182996</From><Body>Sent from your Twilio trial account - hi mmm</Body><Status>queued</Status><Direction>outbound-api</Direction><ApiVersion>2010-04-01</ApiVersion><Price/><PriceUnit>USD</PriceUnit><Uri>/2010-04-01/Accounts/AC8e29b6f10e157db5673e9670f5de40d9/SMS/Messages/SM861aaea3587145c0b72724a3ab43ddf7</Uri><NumSegments>1</NumSegments></SMSMessage></TwilioResponse>
                    [_chunkLength] => 0
                    [_listeners] => Array
                        (
                        )

                    [_toRead] => 0
                )

            [_allowRedirects] => 
            [_maxRedirects] => 3
            [_redirects] => 0
            [_useBrackets] => 1
            [_listeners] => Array
                (
                )

            [_saveBody] => 1
            [_readTimeout] => 
            [_socketOptions] => 
        )

    [url] => https://api.twilio.com/2010-04-01/Accounts/AC8e29b6f10e157db5673e9670f5de40d9/SMS/Messages
    [response] => 1
)
